<?xml version="1.0" encoding="UTF-8"?>
<!-- Generated by org.testng.reporters.JUnitReportReporter -->
<testsuite skipped="0" hostname="Keerthana" name="maven.Mvn" tests="1" failures="0" timestamp="01 Sep 2019 18:08:10 GMT" time="0.000" errors="0">
  <testcase name="sample" time="0.000" classname="maven.Mvn"/>
</testsuite> <!-- maven.Mvn -->
